<?xml version="1.0" encoding="UTF-8"?>
<!-- Generated by org.testng.reporters.JUnitXMLReporter -->
<testsuite ignored="0" hostname="Hudha_Umer" failures="0" tests="1" name="Default test" time="0.083" errors="0" timestamp="2025-01-24T12:46:16 IST">
  <testcase classname="seleniumfirstpkg.Extentreportspgm" name="@BeforeTest setup" time="0.013">
    <failure type="java.lang.NoClassDefFoundError" message="freemarker/template/TemplateException">
      <![CDATA[java.lang.NoClassDefFoundError: freemarker/template/TemplateException
at seleniumfirstpkg.Extentreportspgm.setup(Extentreportspgm.java:36)
at java.base/jdk.internal.reflect.DirectMethodHandleAccessor.invoke(DirectMethodHandleAccessor.java:103)
at java.base/java.lang.reflect.Method.invoke(Method.java:580)
at org.testng.internal.MethodInvocationHelper.invokeMethod(MethodInvocationHelper.java:133)
at org.testng.internal.MethodInvocationHelper.invokeMethodConsideringTimeout(MethodInvocationHelper.java:62)
at org.testng.internal.ConfigInvoker.invokeConfigurationMethod(ConfigInvoker.java:385)
at org.testng.internal.ConfigInvoker.invokeConfigurations(ConfigInvoker.java:321)
at org.testng.TestRunner.invokeTestConfigurations(TestRunner.java:637)
at org.testng.TestRunner.beforeRun(TestRunner.java:627)
at org.testng.TestRunner.run(TestRunner.java:589)
at org.testng.SuiteRunner.runTest(SuiteRunner.java:377)
at org.testng.SuiteRunner.runSequentially(SuiteRunner.java:371)
at org.testng.SuiteRunner.privateRun(SuiteRunner.java:332)
at org.testng.SuiteRunner.run(SuiteRunner.java:276)
at org.testng.SuiteRunnerWorker.runSuite(SuiteRunnerWorker.java:53)
at org.testng.SuiteRunnerWorker.run(SuiteRunnerWorker.java:96)
at org.testng.TestNG.runSuitesSequentially(TestNG.java:1212)
at org.testng.TestNG.runSuitesLocally(TestNG.java:1134)
at org.testng.TestNG.runSuites(TestNG.java:1063)
at org.testng.TestNG.run(TestNG.java:1031)
at org.testng.remote.AbstractRemoteTestNG.run(AbstractRemoteTestNG.java:115)
at org.testng.remote.RemoteTestNG.initAndRun(RemoteTestNG.java:293)
at org.testng.remote.RemoteTestNG.main(RemoteTestNG.java:91)
Caused by: java.lang.ClassNotFoundException: freemarker.template.TemplateException
at java.base/jdk.internal.loader.BuiltinClassLoader.loadClass(BuiltinClassLoader.java:641)
at java.base/jdk.internal.loader.ClassLoaders$AppClassLoader.loadClass(ClassLoaders.java:188)
at java.base/java.lang.ClassLoader.loadClass(ClassLoader.java:528)
... 23 more
]]>
    </failure>
  </testcase> <!-- @BeforeTest setup -->
  <testcase classname="seleniumfirstpkg.Extentreportspgm" name="@BeforeMethod bmthd" time="-1.737702976001E9">
    <skipped/>
  </testcase> <!-- @BeforeMethod bmthd -->
  <testcase classname="seleniumfirstpkg.Extentreportspgm" name="@AfterMethod browserclose" time="-1.737702976009E9">
    <skipped/>
  </testcase> <!-- @AfterMethod browserclose -->
  <testcase classname="seleniumfirstpkg.Extentreportspgm" name="@AfterTest close" time="-1.737702976014E9">
    <skipped/>
  </testcase> <!-- @AfterTest close -->
  <testcase classname="seleniumfirstpkg.Extentreportspgm" name="titleVerification" time="0.0">
    <skipped/>
  </testcase> <!-- titleVerification -->
</testsuite> <!-- Default test -->
